<?xml version="1.0" encoding="UTF-8"?>
<!-- Generated by org.testng.reporters.JUnitXMLReporter -->
<testsuite ignored="0" hostname="K_Anderson" failures="0" tests="10" name="chromeTest" time="139.506" errors="0" timestamp="2025-05-19T11:41:08 EDT">
  <testcase classname="testCases.TC01_LaunchApplication" name="testLaunchApplication" time="0.158"/>
  <testcase classname="testCases.TC03_AddToCart" name="testAddToCart" time="7.638"/>
  <testcase classname="testCases.TC05_AddToWishList" name="testAddToWishList" time="17.956"/>
  <testcase classname="testCases.TC06_AddAffiliate" name="testAddAffiliate" time="8.972"/>
  <testcase classname="testCases.TC02_Login" name="testLogin" time="5.85"/>
  <testcase classname="testCases.TC02_Login" name="testLogin" time="3.318"/>
  <testcase classname="testCases.TC02_Login" name="testLogin" time="3.455"/>
  <testcase classname="testCases.TC02_Login" name="testLogin" time="3.82"/>
  <testcase classname="testCases.TC02_Login" name="testLogin" time="3.371"/>
  <testcase classname="testCases.TC04_CompletePurchase" name="testCompletePurchase" time="19.064"/>
</testsuite> <!-- chromeTest -->
