<?xml version="1.0" encoding="UTF-8"?>
<!-- Generated by org.testng.reporters.JUnitXMLReporter -->
<testsuite ignored="0" hostname="K_Anderson" failures="0" tests="10" name="firefoxTest" time="168.248" errors="0" timestamp="2025-05-19T11:41:33 EDT">
  <testcase classname="testCases.TC01_LaunchApplication" name="testLaunchApplication" time="0.375"/>
  <testcase classname="testCases.TC03_AddToCart" name="testAddToCart" time="6.618"/>
  <testcase classname="testCases.TC05_AddToWishList" name="testAddToWishList" time="5.908"/>
  <testcase classname="testCases.TC06_AddAffiliate" name="testAddAffiliate" time="6.875"/>
  <testcase classname="testCases.TC02_Login" name="testLogin" time="3.925"/>
  <testcase classname="testCases.TC02_Login" name="testLogin" time="2.315"/>
  <testcase classname="testCases.TC02_Login" name="testLogin" time="2.167"/>
  <testcase classname="testCases.TC02_Login" name="testLogin" time="1.788"/>
  <testcase classname="testCases.TC02_Login" name="testLogin" time="2.224"/>
  <testcase classname="testCases.TC04_CompletePurchase" name="testCompletePurchase" time="10.644"/>
</testsuite> <!-- firefoxTest -->
